<?xml version="1.0" encoding="UTF-8"?>
<!-- Generated by org.testng.reporters.JUnitReportReporter -->
<testsuite hostname="DESKTOP-H3SNJHA" failures="0" tests="1" name="NpaLoginPageTest" time="14.060" errors="0" timestamp="2021-04-21T18:16:10 IST" skipped="0">
  <testcase classname="NpaLoginPageTest" name="loginTest" time="14.060"/>
  <system-out/>
</testsuite> <!-- NpaLoginPageTest -->
