<?xml version="1.0" encoding="UTF-8"?>
<!-- Generated by org.testng.reporters.JUnitReportReporter -->
<testsuite hostname="DESKTOP-H3SNJHA" failures="0" tests="1" name="NpaLoginPageTest" time="13.384" errors="0" timestamp="2021-04-21T18:17:44 IST" skipped="0">
  <testcase classname="NpaLoginPageTest" name="loginTest" time="13.384"/>
  <system-out/>
</testsuite> <!-- NpaLoginPageTest -->
